[2023-02-28 00:43:32] local.INFO: Logged in user [ Bestuser Admin ] dashboard requested  
[2023-02-28 01:00:55] local.INFO: Logged in user [ Demo Herdman ] dashboard requested  
[2023-02-28 01:01:01] local.INFO: Logged in user [ Demo Herdman ] herd dashboard displayed  
[2023-02-28 01:01:06] local.INFO: Logged in user [ Demo Herdman ] Fetched Herd info for ID 5  
[2023-02-28 01:01:06] local.INFO: Logged in user [ Demo Herdman ] herd dashboard displayed  
[2023-02-28 01:01:09] local.INFO: Logged in user [ Demo Herdman ] Fetched Goat Details for ID 33  
[2023-02-28 01:01:09] local.INFO: Logged in user [ Demo Herdman ] herd dashboard displayed  
[2023-02-28 01:01:16] local.INFO: Logged in user [ Demo Herdman ] herd dashboard displayed  
[2023-02-28 01:01:23] local.INFO: Logged in user [ Demo Herdman ] herd dashboard displayed  
[2023-02-28 01:01:31] local.INFO: Logged in user [ Demo Herdman ] herd dashboard displayed  
[2023-02-28 01:01:46] local.INFO: Logged in user [ Demo Herdman ] herd dashboard displayed  
[2023-02-28 13:59:15] local.INFO: Logged in user [ Demo Herdman ] dashboard requested  
[2023-02-28 13:59:40] local.INFO: Logged in user [ Bestuser Admin ] dashboard requested  
[2023-02-28 14:12:47] local.INFO: Logged in user [ Demo Herdman ] dashboard requested  
[2023-02-28 14:30:11] local.INFO: Logged in user [ Demo Herdman ] dashboard requested  
[2023-02-28 14:38:03] local.INFO: Logged in user [ Demo Herdman ] dashboard requested  
[2023-02-28 14:40:29] local.INFO: Logged in user [ Demo Herdman ] herd dashboard displayed  
[2023-02-28 14:45:50] local.INFO: Logged in user [ Bestuser Admin ] dashboard requested  
[2023-02-28 14:51:06] local.INFO: Logged in user [ Demo Herdman ] dashboard requested  
[2023-02-28 14:51:10] local.INFO: Logged in user [ Demo Herdman ] herd dashboard displayed  
[2023-02-28 14:51:15] local.INFO: Logged in user [ Demo Herdman ] dashboard requested  
[2023-02-28 14:52:40] local.INFO: Logged in user [ Demo Herdman ] SOP Landing page displayed  
[2023-02-28 23:39:21] local.INFO: Logged in user [ Demo Herdman ] dashboard requested  
[2023-02-28 23:39:25] local.INFO: Logged in user [ Demo Herdman ] herd dashboard displayed  
[2023-02-28 23:39:29] local.INFO: Logged in user [ Demo Herdman ] Immunization Form for New Immunization Entry Displayed  
[2023-02-28 23:39:29] local.INFO: Logged in user [ Demo Herdman ] herd dashboard displayed  
[2023-02-28 23:39:37] local.INFO: Logged in user [ Demo Herdman ] Serum main dashboard displayed  
[2023-02-28 23:39:43] local.INFO: Logged in user [ Demo Herdman ] Serum Goat ID array processed   
[2023-02-28 23:39:43] local.INFO: Logged in user [ Demo Herdman ] Details displayed for Serum ID 19  
[2023-02-28 23:39:43] local.INFO: Logged in user [ Demo Herdman ] Serum main dashboard displayed  
[2023-02-28 23:40:57] local.INFO: Logged in user [ Demo Herdman ] herd dashboard displayed  
[2023-02-28 23:41:25] local.INFO: Logged in user [ Demo Herdman ] Immunization dashboard displayed  
[2023-02-28 23:41:33] local.INFO: Logged in user [ Demo Herdman ] Info Dsplayed for Editing of Immunization ID 35  
[2023-02-28 23:41:33] local.INFO: Logged in user [ Demo Herdman ] Immunization dashboard displayed  
